Release 14.7 - xst P.20131013 (nt)
Copyright (c) 1995-2013 Xilinx, Inc.  All rights reserved.
--> Parameter TMPDIR set to xst/projnav.tmp


Total REAL time to Xst completion: 1.00 secs
Total CPU time to Xst completion: 1.55 secs
 
--> Parameter xsthdpdir set to xst


Total REAL time to Xst completion: 1.00 secs
Total CPU time to Xst completion: 1.55 secs
 
--> Reading design: fifo.prj

TABLE OF CONTENTS
  1) Synthesis Options Summary
  2) HDL Parsing
  3) HDL Elaboration
  4) HDL Synthesis
       4.1) HDL Synthesis Report
  5) Advanced HDL Synthesis
       5.1) Advanced HDL Synthesis Report
  6) Low Level Synthesis
  7) Partition Report
  8) Design Summary
       8.1) Primitive and Black Box Usage
       8.2) Device utilization summary
       8.3) Partition Resource Summary
       8.4) Timing Report
            8.4.1) Clock Information
            8.4.2) Asynchronous Control Signals Information
            8.4.3) Timing Summary
            8.4.4) Timing Details
            8.4.5) Cross Clock Domains Report


=========================================================================
*                      Synthesis Options Summary                        *
=========================================================================
---- Source Parameters
Input File Name                    : "fifo.prj"
Ignore Synthesis Constraint File   : NO

---- Target Parameters
Output File Name                   : "fifo"
Output Format                      : NGC
Target Device                      : xc7a100t-1-csg324

---- Source Options
Top Module Name                    : fifo
Automatic FSM Extraction           : YES
FSM Encoding Algorithm             : Auto
Safe Implementation                : No
FSM Style                          : LUT
RAM Extraction                     : Yes
RAM Style                          : Auto
ROM Extraction                     : Yes
Shift Register Extraction          : YES
ROM Style                          : Auto
Resource Sharing                   : YES
Asynchronous To Synchronous        : NO
Shift Register Minimum Size        : 2
Use DSP Block                      : Auto
Automatic Register Balancing       : No

---- Target Options
LUT Combining                      : Auto
Reduce Control Sets                : Auto
Add IO Buffers                     : YES
Global Maximum Fanout              : 100000
Add Generic Clock Buffer(BUFG)     : 32
Register Duplication               : YES
Optimize Instantiated Primitives   : NO
Use Clock Enable                   : Auto
Use Synchronous Set                : Auto
Use Synchronous Reset              : Auto
Pack IO Registers into IOBs        : Auto
Equivalent register Removal        : YES

---- General Options
Optimization Goal                  : Speed
Optimization Effort                : 1
Power Reduction                    : NO
Keep Hierarchy                     : No
Netlist Hierarchy                  : As_Optimized
RTL Output                         : Yes
Global Optimization                : AllClockNets
Read Cores                         : YES
Write Timing Constraints           : NO
Cross Clock Analysis               : NO
Hierarchy Separator                : /
Bus Delimiter                      : <>
Case Specifier                     : Maintain
Slice Utilization Ratio            : 100
BRAM Utilization Ratio             : 100
DSP48 Utilization Ratio            : 100
Auto BRAM Packing                  : NO
Slice Utilization Ratio Delta      : 5

=========================================================================


=========================================================================
*                          HDL Parsing                                  *
=========================================================================
Analyzing Verilog file "D:\Dropbox\TEC\Semestres\XI Semestre-PdG\Github\BootSiRPA\FPGA_Projects\bootstrap\ram_dual.v" into library work
Parsing module <ram_dual>.
Analyzing Verilog file "D:\Dropbox\TEC\Semestres\XI Semestre-PdG\Github\BootSiRPA\FPGA_Projects\bootstrap\fifo.v" into library work
Parsing module <fifo>.

=========================================================================
*                            HDL Elaboration                            *
=========================================================================

Elaborating module <fifo>.

Elaborating module <ram_dual(ADDRESS_WIDTH=6,DATA_WIDTH=32)>.

=========================================================================
*                           HDL Synthesis                               *
=========================================================================

Synthesizing Unit <fifo>.
    Related source file is "D:\Dropbox\TEC\Semestres\XI Semestre-PdG\Github\BootSiRPA\FPGA_Projects\bootstrap\fifo.v".
        ADDRESS_WIDTH = 6
        DATA_WIDTH = 32
    Found 1-bit register for signal <fifo_emptyflag_o>.
    Found 1-bit register for signal <fifo_fullflag_o>.
    Found 6-bit register for signal <read_address_reg>.
    Found 6-bit register for signal <write_address_reg>.
    Found 6-bit adder for signal <write_address_after> created at line 48.
    Found 6-bit adder for signal <read_address_after> created at line 49.
    Found 6-bit comparator not equal for signal <read_address_after[5]_write_address_reg[5]_equal_5_o> created at line 65
    Found 6-bit comparator not equal for signal <write_address_after[5]_read_address_reg[5]_equal_6_o> created at line 73
    Summary:
	inferred   2 Adder/Subtractor(s).
	inferred  14 D-type flip-flop(s).
	inferred   2 Comparator(s).
Unit <fifo> synthesized.

Synthesizing Unit <ram_dual>.
    Related source file is "D:\Dropbox\TEC\Semestres\XI Semestre-PdG\Github\BootSiRPA\FPGA_Projects\bootstrap\ram_dual.v".
        ADDRESS_WIDTH = 6
        DATA_WIDTH = 32
    Found 64x32-bit dual-port RAM <Mram_ram> for signal <ram>.
    Found 6-bit register for signal <read_address_reg>.
    Summary:
	inferred   1 RAM(s).
	inferred   6 D-type flip-flop(s).
Unit <ram_dual> synthesized.

=========================================================================
HDL Synthesis Report

Macro Statistics
# RAMs                                                 : 1
 64x32-bit dual-port RAM                               : 1
# Adders/Subtractors                                   : 2
 6-bit adder                                           : 2
# Registers                                            : 5
 1-bit register                                        : 2
 6-bit register                                        : 3
# Comparators                                          : 2
 6-bit comparator not equal                            : 2

=========================================================================

=========================================================================
*                       Advanced HDL Synthesis                          *
=========================================================================


Synthesizing (advanced) Unit <fifo>.
The following registers are absorbed into counter <read_address_reg>: 1 register on signal <read_address_reg>.
The following registers are absorbed into counter <write_address_reg>: 1 register on signal <write_address_reg>.
Unit <fifo> synthesized (advanced).

Synthesizing (advanced) Unit <ram_dual>.
INFO:Xst:3226 - The RAM <Mram_ram> will be implemented as a BLOCK RAM, absorbing the following register(s): <read_address_reg>
    -----------------------------------------------------------------------
    | ram_type           | Block                               |          |
    -----------------------------------------------------------------------
    | Port A                                                              |
    |     aspect ratio   | 64-word x 32-bit                    |          |
    |     mode           | read-first                          |          |
    |     clkA           | connected to signal <dualram_clk_i> | rise     |
    |     weA            | connected to signal <dualram_writeen_i> | high     |
    |     addrA          | connected to signal <dualram_write_addr_i> |          |
    |     diA            | connected to signal <dualram_writedata_i> |          |
    -----------------------------------------------------------------------
    | optimization       | speed                               |          |
    -----------------------------------------------------------------------
    | Port B                                                              |
    |     aspect ratio   | 64-word x 32-bit                    |          |
    |     mode           | read-first                          |          |
    |     clkB           | connected to signal <dualram_clk_i> | rise     |
    |     addrB          | connected to signal <dualram_read_addr_i> |          |
    |     doB            | connected to internal node          |          |
    -----------------------------------------------------------------------
    | optimization       | speed                               |          |
    -----------------------------------------------------------------------
Unit <ram_dual> synthesized (advanced).

=========================================================================
Advanced HDL Synthesis Report

Macro Statistics
# RAMs                                                 : 1
 64x32-bit dual-port block RAM                         : 1
# Adders/Subtractors                                   : 2
 6-bit adder                                           : 2
# Counters                                             : 2
 6-bit up counter                                      : 2
# Registers                                            : 2
 Flip-Flops                                            : 2
# Comparators                                          : 2
 6-bit comparator not equal                            : 2

=========================================================================

=========================================================================
*                         Low Level Synthesis                           *
=========================================================================

Optimizing unit <fifo> ...

Mapping all equations...
Building and optimizing final netlist ...
Found area constraint ratio of 100 (+ 5) on block fifo, actual ratio is 0.

Final Macro Processing ...

=========================================================================
Final Register Report

Macro Statistics
# Registers                                            : 14
 Flip-Flops                                            : 14

=========================================================================

=========================================================================
*                           Partition Report                            *
=========================================================================

Partition Implementation Status
-------------------------------

  No Partitions were found in this design.

-------------------------------

=========================================================================
*                            Design Summary                             *
=========================================================================

Top Level Output File Name         : fifo.ngc

Primitive and Black Box Usage:
------------------------------
# BELS                             : 34
#      GND                         : 1
#      INV                         : 2
#      LUT2                        : 7
#      LUT3                        : 6
#      LUT4                        : 3
#      LUT5                        : 2
#      LUT6                        : 10
#      MUXF7                       : 2
#      VCC                         : 1
# FlipFlops/Latches                : 14
#      FDC                         : 1
#      FDCE                        : 12
#      FDP                         : 1
# RAMS                             : 1
#      RAMB18E1                    : 1
# Clock Buffers                    : 1
#      BUFGP                       : 1
# IO Buffers                       : 69
#      IBUF                        : 35
#      OBUF                        : 34

Device utilization summary:
---------------------------

Selected Device : 7a100tcsg324-1 


Slice Logic Utilization: 
 Number of Slice Registers:              14  out of  126800     0%  
 Number of Slice LUTs:                   30  out of  63400     0%  
    Number used as Logic:                30  out of  63400     0%  

Slice Logic Distribution: 
 Number of LUT Flip Flop pairs used:     30
   Number with an unused Flip Flop:      16  out of     30    53%  
   Number with an unused LUT:             0  out of     30     0%  
   Number of fully used LUT-FF pairs:    14  out of     30    46%  
   Number of unique control sets:         3

IO Utilization: 
 Number of IOs:                          70
 Number of bonded IOBs:                  70  out of    210    33%  

Specific Feature Utilization:
 Number of Block RAM/FIFO:                1  out of    135     0%  
    Number using Block RAM only:          1
 Number of BUFG/BUFGCTRLs:                1  out of     32     3%  

---------------------------
Partition Resource Summary:
---------------------------

  No Partitions were found in this design.

---------------------------


=========================================================================
Timing Report

NOTE: THESE TIMING NUMBERS ARE ONLY A SYNTHESIS ESTIMATE.
      FOR ACCURATE TIMING INFORMATION PLEASE REFER TO THE TRACE REPORT
      GENERATED AFTER PLACE-and-ROUTE.

Clock Information:
------------------
-----------------------------------+------------------------+-------+
Clock Signal                       | Clock buffer(FF name)  | Load  |
-----------------------------------+------------------------+-------+
fifo_clk_i                         | BUFGP                  | 15    |
-----------------------------------+------------------------+-------+

Asynchronous Control Signals Information:
----------------------------------------
No asynchronous control signals found in this design

Timing Summary:
---------------
Speed Grade: -1

   Minimum period: 2.785ns (Maximum Frequency: 359.066MHz)
   Minimum input arrival time before clock: 2.601ns
   Maximum output required time after clock: 2.853ns
   Maximum combinational path delay: No path found

Timing Details:
---------------
All values displayed in nanoseconds (ns)

=========================================================================
Timing constraint: Default period analysis for Clock 'fifo_clk_i'
  Clock period: 2.785ns (frequency: 359.066MHz)
  Total number of paths / destination ports: 133 / 42
-------------------------------------------------------------------------
Delay:               2.785ns (Levels of Logic = 3)
  Source:            read_address_reg_2 (FF)
  Destination:       empty_reg (FF)
  Source Clock:      fifo_clk_i rising
  Destination Clock: fifo_clk_i rising

  Data Path: read_address_reg_2 to empty_reg
                                Gate     Net
    Cell:in->out      fanout   Delay   Delay  Logical Name (Net Name)
    ----------------------------------------  ------------
     FDCE:C->Q             8   0.478   0.762  read_address_reg_2 (read_address_reg_2)
     LUT3:I0->O            2   0.124   0.427  Result<2>2 (Result<2>)
     LUT6:I5->O            1   0.124   0.716  _n0055_inv2 (_n0055_inv2)
     LUT6:I3->O            1   0.124   0.000  empty_reg_rstpot (empty_reg_rstpot)
     FDP:D                     0.030          empty_reg
    ----------------------------------------
    Total                      2.785ns (0.880ns logic, 1.905ns route)
                                       (31.6% logic, 68.4% route)

=========================================================================
Timing constraint: Default OFFSET IN BEFORE for Clock 'fifo_clk_i'
  Total number of paths / destination ports: 84 / 64
-------------------------------------------------------------------------
Offset:              2.601ns (Levels of Logic = 4)
  Source:            fifo_readflag_i (PAD)
  Destination:       full_reg (FF)
  Destination Clock: fifo_clk_i rising

  Data Path: fifo_readflag_i to full_reg
                                Gate     Net
    Cell:in->out      fanout   Delay   Delay  Logical Name (Net Name)
    ----------------------------------------  ------------
     IBUF:I->O             5   0.001   0.563  fifo_readflag_i_IBUF (fifo_readflag_i_IBUF)
     LUT2:I0->O            1   0.124   0.919  _n0061_inv2_SW0 (N6)
     LUT6:I1->O            1   0.124   0.716  _n0061_inv2 (_n0061_inv3)
     LUT6:I3->O            1   0.124   0.000  full_reg_rstpot (full_reg_rstpot)
     FDC:D                     0.030          full_reg
    ----------------------------------------
    Total                      2.601ns (0.403ns logic, 2.198ns route)
                                       (15.5% logic, 84.5% route)

=========================================================================
Timing constraint: Default OFFSET OUT AFTER for Clock 'fifo_clk_i'
  Total number of paths / destination ports: 34 / 34
-------------------------------------------------------------------------
Offset:              2.853ns (Levels of Logic = 1)
  Source:            ram/Mram_ram (RAM)
  Destination:       fifo_readdata_o<31> (PAD)
  Source Clock:      fifo_clk_i rising

  Data Path: ram/Mram_ram to fifo_readdata_o<31>
                                Gate     Net
    Cell:in->out      fanout   Delay   Delay  Logical Name (Net Name)
    ----------------------------------------  ------------
     RAMB18E1:CLKARDCLK->DOBDO15    1   2.454   0.399  ram/Mram_ram (fifo_readdata_o_31_OBUF)
     OBUF:I->O                 0.000          fifo_readdata_o_31_OBUF (fifo_readdata_o<31>)
    ----------------------------------------
    Total                      2.853ns (2.454ns logic, 0.399ns route)
                                       (86.0% logic, 14.0% route)

=========================================================================

Cross Clock Domains Report:
--------------------------

Clock to Setup on destination clock fifo_clk_i
---------------+---------+---------+---------+---------+
               | Src:Rise| Src:Fall| Src:Rise| Src:Fall|
Source Clock   |Dest:Rise|Dest:Rise|Dest:Fall|Dest:Fall|
---------------+---------+---------+---------+---------+
fifo_clk_i     |    2.785|         |         |         |
---------------+---------+---------+---------+---------+

=========================================================================


Total REAL time to Xst completion: 15.00 secs
Total CPU time to Xst completion: 15.06 secs
 
--> 

Total memory usage is 367516 kilobytes

Number of errors   :    0 (   0 filtered)
Number of warnings :    0 (   0 filtered)
Number of infos    :    1 (   0 filtered)

